  Bird.cpp
  CheckBox.cpp
  Game.cpp
  Ground.cpp
  Menu.cpp
  Pipe.cpp
  Main.cpp
C:\Users\david\source\repos\FlappyBird\FlappySFML\FlappySFML\Bird.h(1,10): error C1083: Cannot open include file: 'SFML/Graphics.hpp': No such file or directory
  (compiling source file 'Bird.cpp')
  
C:\Users\david\source\repos\FlappyBird\FlappySFML\FlappySFML\CheckBox.h(1,10): error C1083: Cannot open include file: 'SFML/Graphics.hpp': No such file or directory
  (compiling source file 'CheckBox.cpp')
  
C:\Users\david\source\repos\FlappyBird\FlappySFML\FlappySFML\Game.h(1,10): error C1083: Cannot open include file: 'SFML/Graphics.hpp': No such file or directory
  (compiling source file 'Game.cpp')
  
C:\Users\david\source\repos\FlappyBird\FlappySFML\FlappySFML\Ground.h(1,10): error C1083: Cannot open include file: 'SFML/Graphics.hpp': No such file or directory
  (compiling source file 'Ground.cpp')
  
C:\Users\david\source\repos\FlappyBird\FlappySFML\FlappySFML\Menu.h(1,10): error C1083: Cannot open include file: 'SFML/Graphics.hpp': No such file or directory
  (compiling source file 'Menu.cpp')
  
C:\Users\david\source\repos\FlappyBird\FlappySFML\FlappySFML\Pipe.h(1,10): error C1083: Cannot open include file: 'SFML/Graphics.hpp': No such file or directory
  (compiling source file 'Pipe.cpp')
  
C:\Users\david\source\repos\FlappyBird\FlappySFML\FlappySFML\Menu.h(1,10): error C1083: Cannot open include file: 'SFML/Graphics.hpp': No such file or directory
  (compiling source file 'Main.cpp')
  
  TextBox.cpp
C:\Users\david\source\repos\FlappyBird\FlappySFML\FlappySFML\TextBox.h(1,10): error C1083: Cannot open include file: 'SFML/Graphics.hpp': No such file or directory
  (compiling source file 'TextBox.cpp')
  
  Generating Code...
